PCAD Importer Log
Project : RES_DEMO.LibPkg

Section : C:\Users\Dev1ne\Downloads\Telegram Desktop\RES_DEMO.LIA
    Section : PCB Library - RES_DEMO.PcbLib
        Section : Load Messages
            Warning - 1 : Skipping Token defaultPinDes On Line 155
            Warning - 1 : Skipping Token RES On Line 169
            Warning - 1 : Skipping Token attachedSymbol On Line 206
        EndSection

        Section : Import Messages
        EndSection
    EndSection

    Section : SCH Library - RES_DEMO.SchLib
        Section : Parsing Messages
            Warning - 1 : Skipping Token padStyleDef On Line 13
            Warning - 1 : Skipping Token padStyleDef On Line 23
            Warning - 1 : Skipping Token viaStyleDef On Line 34
            Warning - 1 : Skipping Token multiLayer On Line 153
            Warning - 1 : Skipping Token layerContents On Line 157
            Warning - 1 : Skipping Token defaultPinDes On Line 177
            Warning - 1 : Skipping Token defaultPinDes On Line 185
        EndSection

        Section : Generating SCH Library - RES_DEMO.SchLib
        EndSection
    EndSection
EndSection
